<?xml version="1.0" encoding="UTF-8"?>
<!-- Generated by org.testng.reporters.JUnitReportReporter -->
<testsuite skipped="0" hostname="DESKTOP-I9UL3R2" name="org.sample.LogicSample" tests="1" failures="0" timestamp="23 Oct 2020 14:05:59 GMT" time="13.417" errors="0">
  <testcase name="meth" time="13.417" classname="org.sample.LogicSample"/>
</testsuite> <!-- org.sample.LogicSample -->
